<?xml version="1.0" encoding="utf-8"?><testsuites name="pytest tests"><testsuite name="pytest" errors="0" failures="0" skipped="0" tests="21" time="3.083" timestamp="2026-07-02T06:35:50.812741+00:00" hostname="agent-env-ac3c211f-d6f8-4559-b2fc-f747758240e9"><testcase classname="tests.test_new_admin_features.TestEnquiries" name="test_list_enquiries_super" time="0.667" /><testcase classname="tests.test_new_admin_features.TestElectricity" name="test_list_bills" time="0.667" /><testcase classname="tests.test_new_admin_features.TestEnquiries" name="test_enquiry_stats" time="0.042" /><testcase classname="tests.test_new_admin_features.TestElectricity" name="test_electricity_stats" time="0.083" /><testcase classname="tests.test_new_admin_features.TestElectricity" name="test_generate_monthly_and_pay" time="0.533" /><testcase classname="tests.test_new_admin_features.TestEnquiries" name="test_list_enquiries_hostel_admin_scoped" time="0.398" /><testcase classname="tests.test_new_admin_features.TestEnquiries" name="test_get_enquiry_detail" time="0.042" /><testcase classname="tests.test_new_admin_features.TestEnquiries" name="test_update_enquiry_status" time="0.127" /><testcase classname="tests.test_new_admin_features.TestEnquiries" name="test_add_enquiry_note" time="0.082" /><testcase classname="tests.test_new_admin_features.TestElectricity" name="test_generate_monthly_idempotent" time="0.054" /><testcase classname="tests.test_new_admin_features.TestElectricity" name="test_create_manual_bill" time="0.103" /><testcase classname="tests.test_new_admin_features.TestEnquiries" name="test_hostel_admin_cannot_delete_enquiry" time="0.083" /><testcase classname="tests.test_new_admin_features.TestAdminUsers" name="test_list_admin_users" time="0.044" /><testcase classname="tests.test_new_admin_features.TestEnquiries" name="test_enquiry_invalid_id_returns_404" time="0.040" /><testcase classname="tests.test_new_admin_features.TestExistingIntact" name="test_hostels" time="0.047" /><testcase classname="tests.test_new_admin_features.TestExistingIntact" name="test_dashboard_stats" time="0.279" /><testcase classname="tests.test_new_admin_features.TestAdminUsers" name="test_hostel_admin_cannot_list_admins" time="0.362" /><testcase classname="tests.test_new_admin_features.TestExistingIntact" name="test_rent_tracker" time="0.065" /><testcase classname="tests.test_new_admin_features.TestAdminUsers" name="test_create_update_toggle_reset_delete_admin" time="0.865" /><testcase classname="tests.test_new_admin_features.TestResidentDocuments" name="test_update_resident_documents" time="0.365" /><testcase classname="tests.test_new_admin_features.TestAdminUsers" name="test_create_admin_duplicate_email" time="0.043" /></testsuite></testsuites>