<?xml version="1.0" encoding="utf-8"?><testsuites name="pytest tests"><testsuite name="pytest" errors="0" failures="1" skipped="0" tests="22" time="3.382" timestamp="2026-07-02T06:02:21.440132+00:00" hostname="agent-env-ac3c211f-d6f8-4559-b2fc-f747758240e9"><testcase classname="tests.backend_test.TestAuth" name="test_login_super_admin" time="0.465" /><testcase classname="tests.backend_test.TestPublicHostels" name="test_public_list_no_auth" time="0.468" /><testcase classname="tests.backend_test.TestPublicHostels" name="test_public_types_present" time="0.332" /><testcase classname="tests.backend_test.TestAuth" name="test_login_hostel_admin" time="0.331" /><testcase classname="tests.backend_test.TestAuth" name="test_login_invalid" time="0.320" /><testcase classname="tests.backend_test.TestPublicHostels" name="test_public_detail_by_id" time="0.682" /><testcase classname="tests.backend_test.TestAuth" name="test_me_endpoint" time="0.400" /><testcase classname="tests.backend_test.TestPublicHostels" name="test_public_detail_invalid_id" time="0.141" /><testcase classname="tests.backend_test.TestHostels" name="test_list_hostels_super" time="0.053" /><testcase classname="tests.backend_test.TestPublicHostels" name="test_public_detail_malformed_id" time="0.266"><failure message="AssertionError: Got 500: Internal Server Error&#10;assert 500 in (400, 404, 422)&#10; +  where 500 = &lt;Response [500]&gt;.status_code">backend/tests/backend_test.py:150: in test_public_detail_malformed_id
    assert r.status_code in (400, 404, 422), f"Got {r.status_code}: {r.text}"
E   AssertionError: Got 500: Internal Server Error
E   assert 500 in (400, 404, 422)
E    +  where 500 = &lt;Response [500]&gt;.status_code</failure></testcase><testcase classname="tests.backend_test.TestHostels" name="test_list_hostels_scoped_for_hostel_admin" time="0.373" /><testcase classname="tests.backend_test.TestRentTracker" name="test_get_rent_tracker" time="0.296" /><testcase classname="tests.backend_test.TestResidents" name="test_list_residents" time="0.363" /><testcase classname="tests.backend_test.TestRentTracker" name="test_mark_paid_and_undo" time="0.529" /><testcase classname="tests.backend_test.TestResidents" name="test_list_residents_scoped" time="0.458" /><testcase classname="tests.backend_test.TestAutomation" name="test_list_workflows" time="0.044" /><testcase classname="tests.backend_test.TestAccessControl" name="test_no_auth_blocked" time="0.096" /><testcase classname="tests.backend_test.TestAutomation" name="test_trigger_reminders" time="0.044" /><testcase classname="tests.backend_test" name="test_health" time="0.170" /><testcase classname="tests.backend_test.TestAccessControl" name="test_hostel_admin_cannot_register" time="0.046" /><testcase classname="tests.backend_test.TestRooms" name="test_list_rooms" time="0.065" /><testcase classname="tests.backend_test.TestDashboard" name="test_dashboard_stats" time="0.056" /></testsuite></testsuites>