<?xml version="1.0" encoding="utf-8"?><testsuites name="pytest tests"><testsuite name="pytest" errors="0" failures="0" skipped="0" tests="17" time="2.979" timestamp="2026-07-02T05:13:22.886918+00:00" hostname="agent-env-ac3c211f-d6f8-4559-b2fc-f747758240e9"><testcase classname="tests.backend_test.TestAuth" name="test_login_super_admin" time="0.363" /><testcase classname="tests.backend_test.TestAuth" name="test_login_hostel_admin" time="0.449" /><testcase classname="tests.backend_test.TestHostels" name="test_list_hostels_super" time="0.816" /><testcase classname="tests.backend_test.TestAuth" name="test_login_invalid" time="0.542" /><testcase classname="tests.backend_test.TestHostels" name="test_list_hostels_scoped_for_hostel_admin" time="0.587" /><testcase classname="tests.backend_test.TestResidents" name="test_list_residents" time="0.049" /><testcase classname="tests.backend_test.TestResidents" name="test_list_residents_scoped" time="0.303" /><testcase classname="tests.backend_test.TestAuth" name="test_me_endpoint" time="0.364" /><testcase classname="tests.backend_test.TestRentTracker" name="test_get_rent_tracker" time="0.065" /><testcase classname="tests.backend_test.TestAutomation" name="test_list_workflows" time="0.045" /><testcase classname="tests.backend_test.TestRentTracker" name="test_mark_paid_and_undo" time="0.335" /><testcase classname="tests.backend_test.TestAutomation" name="test_trigger_reminders" time="0.044" /><testcase classname="tests.backend_test" name="test_health" time="0.103" /><testcase classname="tests.backend_test.TestRooms" name="test_list_rooms" time="0.060" /><testcase classname="tests.backend_test.TestDashboard" name="test_dashboard_stats" time="0.057" /><testcase classname="tests.backend_test.TestAccessControl" name="test_no_auth_blocked" time="0.089" /><testcase classname="tests.backend_test.TestAccessControl" name="test_hostel_admin_cannot_register" time="0.368" /></testsuite></testsuites>